{"C:\\Users\\herib\\OneDrive\\Escritorio\\fullstack_node_react_typescript\\server\\src\\router.ts": {"path":"C:\\Users\\herib\\OneDrive\\Escritorio\\fullstack_node_react_typescript\\server\\src\\router.ts","statementMap":{"0":{"start":{"line":1,"column":0},"end":{"line":1,"column":32}},"1":{"start":{"line":2,"column":0},"end":{"line":2,"column":47}},"2":{"start":{"line":3,"column":0},"end":{"line":3,"column":129}},"3":{"start":{"line":4,"column":0},"end":{"line":4,"column":48}},"4":{"start":{"line":6,"column":15},"end":{"line":6,"column":23}},"5":{"start":{"line":52,"column":0},"end":{"line":52,"column":null}},"6":{"start":{"line":81,"column":0},"end":{"line":85,"column":null}},"7":{"start":{"line":119,"column":0},"end":{"line":129,"column":null}},"8":{"start":{"line":126,"column":25},"end":{"line":126,"column":34}},"9":{"start":{"line":175,"column":0},"end":{"line":187,"column":null}},"10":{"start":{"line":182,"column":25},"end":{"line":182,"column":34}},"11":{"start":{"line":217,"column":0},"end":{"line":221,"column":null}},"12":{"start":{"line":253,"column":0},"end":{"line":257,"column":null}},"13":{"start":{"line":259,"column":0},"end":{"line":259,"column":null}}},"fnMap":{"0":{"name":"(anonymous_0)","decl":{"start":{"line":126,"column":16},"end":{"line":126,"column":21}},"loc":{"start":{"line":126,"column":25},"end":{"line":126,"column":34}}},"1":{"name":"(anonymous_1)","decl":{"start":{"line":182,"column":16},"end":{"line":182,"column":21}},"loc":{"start":{"line":182,"column":25},"end":{"line":182,"column":34}}}},"branchMap":{},"s":{"0":2,"1":2,"2":2,"3":2,"4":2,"5":2,"6":2,"7":2,"8":4,"9":2,"10":5,"11":2,"12":2,"13":2},"f":{"0":4,"1":5},"b":{}}
,"C:\\Users\\herib\\OneDrive\\Escritorio\\fullstack_node_react_typescript\\server\\src\\server.ts": {"path":"C:\\Users\\herib\\OneDrive\\Escritorio\\fullstack_node_react_typescript\\server\\src\\server.ts","statementMap":{"0":{"start":{"line":11,"column":0},"end":{"line":11,"column":7}},"1":{"start":{"line":1,"column":0},"end":{"line":1,"column":30}},"2":{"start":{"line":2,"column":0},"end":{"line":2,"column":28}},"3":{"start":{"line":3,"column":0},"end":{"line":3,"column":41}},"4":{"start":{"line":4,"column":0},"end":{"line":4,"column":28}},"5":{"start":{"line":5,"column":0},"end":{"line":5,"column":43}},"6":{"start":{"line":6,"column":0},"end":{"line":6,"column":44}},"7":{"start":{"line":7,"column":0},"end":{"line":7,"column":30}},"8":{"start":{"line":8,"column":0},"end":{"line":8,"column":29}},"9":{"start":{"line":12,"column":4},"end":{"line":18,"column":5}},"10":{"start":{"line":13,"column":8},"end":{"line":13,"column":32}},"11":{"start":{"line":14,"column":8},"end":{"line":14,"column":18}},"12":{"start":{"line":15,"column":8},"end":{"line":15,"column":77}},"13":{"start":{"line":17,"column":8},"end":{"line":17,"column":88}},"14":{"start":{"line":21,"column":0},"end":{"line":21,"column":15}},"15":{"start":{"line":24,"column":15},"end":{"line":24,"column":24}},"16":{"start":{"line":27,"column":33},"end":{"line":39,"column":2}},"17":{"start":{"line":30,"column":8},"end":{"line":35,"column":9}},"18":{"start":{"line":31,"column":12},"end":{"line":31,"column":33}},"19":{"start":{"line":33,"column":12},"end":{"line":33,"column":69}},"20":{"start":{"line":34,"column":12},"end":{"line":34,"column":49}},"21":{"start":{"line":41,"column":0},"end":{"line":41,"column":30}},"22":{"start":{"line":44,"column":0},"end":{"line":44,"column":27}},"23":{"start":{"line":47,"column":0},"end":{"line":47,"column":31}},"24":{"start":{"line":50,"column":0},"end":{"line":50,"column":36}},"25":{"start":{"line":52,"column":0},"end":{"line":54,"column":3}},"26":{"start":{"line":53,"column":4},"end":{"line":53,"column":35}},"27":{"start":{"line":57,"column":0},"end":{"line":57,"column":68}},"28":{"start":{"line":59,"column":0},"end":{"line":59,"column":22}}},"fnMap":{"0":{"name":"ConnectionDB","decl":{"start":{"line":11,"column":22},"end":{"line":11,"column":34}},"loc":{"start":{"line":11,"column":34},"end":{"line":19,"column":1}}},"1":{"name":"(anonymous_2)","decl":{"start":{"line":28,"column":12},"end":{"line":28,"column":22}},"loc":{"start":{"line":28,"column":38},"end":{"line":36,"column":5}}},"2":{"name":"(anonymous_3)","decl":{"start":{"line":52,"column":19},"end":{"line":52,"column":20}},"loc":{"start":{"line":52,"column":32},"end":{"line":54,"column":1}}}},"branchMap":{"0":{"loc":{"start":{"line":30,"column":8},"end":{"line":35,"column":9}},"type":"if","locations":[{"start":{"line":30,"column":8},"end":{"line":35,"column":9}},{"start":{"line":32,"column":15},"end":{"line":35,"column":9}}]},"1":{"loc":{"start":{"line":30,"column":12},"end":{"line":30,"column":58}},"type":"binary-expr","locations":[{"start":{"line":30,"column":12},"end":{"line":30,"column":19}},{"start":{"line":30,"column":23},"end":{"line":30,"column":58}}]}},"s":{"0":2,"1":2,"2":2,"3":2,"4":2,"5":2,"6":2,"7":2,"8":2,"9":2,"10":2,"11":1,"12":1,"13":0,"14":2,"15":2,"16":2,"17":20,"18":20,"19":0,"20":0,"21":2,"22":2,"23":2,"24":2,"25":2,"26":1,"27":2,"28":2},"f":{"0":2,"1":20,"2":1},"b":{"0":[20,0],"1":[20,0]}}
,"C:\\Users\\herib\\OneDrive\\Escritorio\\fullstack_node_react_typescript\\server\\src\\config\\db.ts": {"path":"C:\\Users\\herib\\OneDrive\\Escritorio\\fullstack_node_react_typescript\\server\\src\\config\\db.ts","statementMap":{"0":{"start":{"line":1,"column":0},"end":{"line":1,"column":48}},"1":{"start":{"line":2,"column":0},"end":{"line":2,"column":27}},"2":{"start":{"line":3,"column":0},"end":{"line":3,"column":null}},"3":{"start":{"line":5,"column":11},"end":{"line":8,"column":2}},"4":{"start":{"line":10,"column":0},"end":{"line":10,"column":null}}},"fnMap":{},"branchMap":{},"s":{"0":2,"1":2,"2":2,"3":2,"4":2},"f":{},"b":{}}
,"C:\\Users\\herib\\OneDrive\\Escritorio\\fullstack_node_react_typescript\\server\\src\\config\\swagger.ts": {"path":"C:\\Users\\herib\\OneDrive\\Escritorio\\fullstack_node_react_typescript\\server\\src\\config\\swagger.ts","statementMap":{"0":{"start":{"line":1,"column":0},"end":{"line":1,"column":41}},"1":{"start":{"line":4,"column":39},"end":{"line":21,"column":null}},"2":{"start":{"line":23,"column":21},"end":{"line":23,"column":42}},"3":{"start":{"line":25,"column":0},"end":{"line":25,"column":null}}},"fnMap":{},"branchMap":{},"s":{"0":2,"1":2,"2":2,"3":2},"f":{},"b":{}}
,"C:\\Users\\herib\\OneDrive\\Escritorio\\fullstack_node_react_typescript\\server\\src\\handlers\\product.ts": {"path":"C:\\Users\\herib\\OneDrive\\Escritorio\\fullstack_node_react_typescript\\server\\src\\handlers\\product.ts","statementMap":{"0":{"start":{"line":2,"column":0},"end":{"line":2,"column":46}},"1":{"start":{"line":4,"column":27},"end":{"line":9,"column":1}},"2":{"start":{"line":5,"column":21},"end":{"line":7,"column":6}},"3":{"start":{"line":8,"column":4},"end":{"line":8,"column":33}},"4":{"start":{"line":4,"column":13},"end":{"line":4,"column":27}},"5":{"start":{"line":11,"column":30},"end":{"line":23,"column":1}},"6":{"start":{"line":12,"column":19},"end":{"line":12,"column":29}},"7":{"start":{"line":13,"column":20},"end":{"line":13,"column":46}},"8":{"start":{"line":15,"column":4},"end":{"line":20,"column":5}},"9":{"start":{"line":16,"column":8},"end":{"line":18,"column":11}},"10":{"start":{"line":19,"column":8},"end":{"line":19,"column":15}},"11":{"start":{"line":22,"column":4},"end":{"line":22,"column":32}},"12":{"start":{"line":11,"column":13},"end":{"line":11,"column":30}},"13":{"start":{"line":25,"column":29},"end":{"line":28,"column":1}},"14":{"start":{"line":26,"column":20},"end":{"line":26,"column":50}},"15":{"start":{"line":27,"column":4},"end":{"line":27,"column":44}},"16":{"start":{"line":25,"column":13},"end":{"line":25,"column":29}},"17":{"start":{"line":30,"column":29},"end":{"line":43,"column":1}},"18":{"start":{"line":31,"column":19},"end":{"line":31,"column":29}},"19":{"start":{"line":32,"column":20},"end":{"line":32,"column":46}},"20":{"start":{"line":34,"column":4},"end":{"line":39,"column":5}},"21":{"start":{"line":35,"column":8},"end":{"line":37,"column":11}},"22":{"start":{"line":38,"column":8},"end":{"line":38,"column":15}},"23":{"start":{"line":41,"column":4},"end":{"line":41,"column":35}},"24":{"start":{"line":42,"column":4},"end":{"line":42,"column":32}},"25":{"start":{"line":30,"column":13},"end":{"line":30,"column":29}},"26":{"start":{"line":45,"column":34},"end":{"line":59,"column":1}},"27":{"start":{"line":46,"column":19},"end":{"line":46,"column":29}},"28":{"start":{"line":47,"column":20},"end":{"line":47,"column":46}},"29":{"start":{"line":49,"column":4},"end":{"line":54,"column":5}},"30":{"start":{"line":50,"column":8},"end":{"line":52,"column":11}},"31":{"start":{"line":53,"column":8},"end":{"line":53,"column":15}},"32":{"start":{"line":56,"column":4},"end":{"line":56,"column":60}},"33":{"start":{"line":57,"column":4},"end":{"line":57,"column":25}},"34":{"start":{"line":58,"column":4},"end":{"line":58,"column":32}},"35":{"start":{"line":45,"column":13},"end":{"line":45,"column":34}},"36":{"start":{"line":61,"column":29},"end":{"line":74,"column":1}},"37":{"start":{"line":62,"column":19},"end":{"line":62,"column":29}},"38":{"start":{"line":63,"column":20},"end":{"line":63,"column":46}},"39":{"start":{"line":65,"column":4},"end":{"line":70,"column":5}},"40":{"start":{"line":66,"column":8},"end":{"line":68,"column":11}},"41":{"start":{"line":69,"column":8},"end":{"line":69,"column":15}},"42":{"start":{"line":72,"column":4},"end":{"line":72,"column":28}},"43":{"start":{"line":73,"column":4},"end":{"line":73,"column":45}},"44":{"start":{"line":61,"column":13},"end":{"line":61,"column":29}}},"fnMap":{"0":{"name":"(anonymous_1)","decl":{"start":{"line":4,"column":27},"end":{"line":4,"column":32}},"loc":{"start":{"line":4,"column":80},"end":{"line":9,"column":1}}},"1":{"name":"(anonymous_2)","decl":{"start":{"line":11,"column":30},"end":{"line":11,"column":35}},"loc":{"start":{"line":11,"column":83},"end":{"line":23,"column":1}}},"2":{"name":"(anonymous_3)","decl":{"start":{"line":25,"column":29},"end":{"line":25,"column":34}},"loc":{"start":{"line":25,"column":82},"end":{"line":28,"column":1}}},"3":{"name":"(anonymous_4)","decl":{"start":{"line":30,"column":29},"end":{"line":30,"column":34}},"loc":{"start":{"line":30,"column":82},"end":{"line":43,"column":1}}},"4":{"name":"(anonymous_5)","decl":{"start":{"line":45,"column":34},"end":{"line":45,"column":39}},"loc":{"start":{"line":45,"column":87},"end":{"line":59,"column":1}}},"5":{"name":"(anonymous_6)","decl":{"start":{"line":61,"column":29},"end":{"line":61,"column":34}},"loc":{"start":{"line":61,"column":82},"end":{"line":74,"column":1}}}},"branchMap":{"0":{"loc":{"start":{"line":15,"column":4},"end":{"line":20,"column":5}},"type":"if","locations":[{"start":{"line":15,"column":4},"end":{"line":20,"column":5}}]},"1":{"loc":{"start":{"line":34,"column":4},"end":{"line":39,"column":5}},"type":"if","locations":[{"start":{"line":34,"column":4},"end":{"line":39,"column":5}}]},"2":{"loc":{"start":{"line":49,"column":4},"end":{"line":54,"column":5}},"type":"if","locations":[{"start":{"line":49,"column":4},"end":{"line":54,"column":5}}]},"3":{"loc":{"start":{"line":65,"column":4},"end":{"line":70,"column":5}},"type":"if","locations":[{"start":{"line":65,"column":4},"end":{"line":70,"column":5}}]}},"s":{"0":2,"1":2,"2":2,"3":2,"4":2,"5":2,"6":2,"7":2,"8":2,"9":1,"10":1,"11":1,"12":2,"13":2,"14":1,"15":1,"16":2,"17":2,"18":2,"19":2,"20":2,"21":1,"22":1,"23":1,"24":1,"25":2,"26":2,"27":2,"28":2,"29":2,"30":1,"31":1,"32":1,"33":1,"34":1,"35":2,"36":2,"37":2,"38":2,"39":2,"40":1,"41":1,"42":1,"43":1,"44":2},"f":{"0":2,"1":2,"2":1,"3":2,"4":2,"5":2},"b":{"0":[1],"1":[1],"2":[1],"3":[1]}}
,"C:\\Users\\herib\\OneDrive\\Escritorio\\fullstack_node_react_typescript\\server\\src\\middleware\\index.ts": {"path":"C:\\Users\\herib\\OneDrive\\Escritorio\\fullstack_node_react_typescript\\server\\src\\middleware\\index.ts","statementMap":{"0":{"start":{"line":2,"column":0},"end":{"line":2,"column":53}},"1":{"start":{"line":4,"column":33},"end":{"line":11,"column":1}},"2":{"start":{"line":5,"column":19},"end":{"line":5,"column":40}},"3":{"start":{"line":6,"column":4},"end":{"line":9,"column":5}},"4":{"start":{"line":7,"column":8},"end":{"line":7,"column":57}},"5":{"start":{"line":8,"column":8},"end":{"line":8,"column":15}},"6":{"start":{"line":10,"column":4},"end":{"line":10,"column":11}},"7":{"start":{"line":4,"column":13},"end":{"line":4,"column":33}}},"fnMap":{"0":{"name":"(anonymous_0)","decl":{"start":{"line":4,"column":33},"end":{"line":4,"column":34}},"loc":{"start":{"line":4,"column":91},"end":{"line":11,"column":1}}}},"branchMap":{"0":{"loc":{"start":{"line":6,"column":4},"end":{"line":9,"column":5}},"type":"if","locations":[{"start":{"line":6,"column":4},"end":{"line":9,"column":5}}]}},"s":{"0":2,"1":2,"2":17,"3":17,"4":8,"5":8,"6":9,"7":2},"f":{"0":17},"b":{"0":[8]}}
,"C:\\Users\\herib\\OneDrive\\Escritorio\\fullstack_node_react_typescript\\server\\src\\models\\Product.model.ts": {"path":"C:\\Users\\herib\\OneDrive\\Escritorio\\fullstack_node_react_typescript\\server\\src\\models\\Product.model.ts","statementMap":{"0":{"start":{"line":1,"column":0},"end":{"line":1,"column":90}},"1":{"start":{"line":7,"column":0},"end":{"line":23,"column":null}},"2":{"start":{"line":11,"column":12},"end":{"line":11,"column":null}},"3":{"start":{"line":16,"column":12},"end":{"line":16,"column":null}},"4":{"start":{"line":22,"column":12},"end":{"line":22,"column":null}},"5":{"start":{"line":7,"column":6},"end":{"line":23,"column":null}},"6":{"start":{"line":25,"column":0},"end":{"line":25,"column":null}}},"fnMap":{},"branchMap":{},"s":{"0":2,"1":2,"2":2,"3":2,"4":2,"5":2,"6":2},"f":{},"b":{}}
}
